Start testing: Apr 09 07:55 EEST
----------------------------------------------------------
1/1 Testing: SwapPairsTest.OddNumberOfElements
1/1 Test: SwapPairsTest.OddNumberOfElements
Command: "/Users/yura_kulakovskyi/Documents/C++/TeamWork/PR3/PR3_4_rec/cmake-build-debug/PR3_4_rec_tests" "--gtest_filter=SwapPairsTest.OddNumberOfElements" "--gtest_also_run_disabled_tests"
Directory: /Users/yura_kulakovskyi/Documents/C++/TeamWork/PR3/PR3_4_rec/cmake-build-debug
"SwapPairsTest.OddNumberOfElements" start time: Apr 09 07:55 EEST
Output:
----------------------------------------------------------
Running main() from /Users/yura_kulakovskyi/Documents/C++/TeamWork/PR3/PR3_4_rec/lib/googletest/googletest/src/gtest_main.cc
Note: Google Test filter = SwapPairsTest.OddNumberOfElements
[==========] Running 1 test from 1 test suite.
[----------] Global test environment set-up.
[----------] 1 test from SwapPairsTest
[ RUN      ] SwapPairsTest.OddNumberOfElements
[       OK ] SwapPairsTest.OddNumberOfElements (0 ms)
[----------] 1 test from SwapPairsTest (0 ms total)

[----------] Global test environment tear-down
[==========] 1 test from 1 test suite ran. (0 ms total)
[  PASSED  ] 1 test.
<end of output>
Test time =   0.00 sec
----------------------------------------------------------
Test Passed.
"SwapPairsTest.OddNumberOfElements" end time: Apr 09 07:55 EEST
"SwapPairsTest.OddNumberOfElements" time elapsed: 00:00:00
----------------------------------------------------------

End testing: Apr 09 07:55 EEST
